2024-04-16 01:18:41,140 - ERROR - Camera Error
2024-04-16 01:18:41,499 - ERROR - CAM ERROR
2024-04-16 01:19:16,274 - INFO - 
xxxxxxxxxxxxxxxxxxxxxxxxxxxxxxxx
2024-04-16 01:19:16,274 - INFO - --> Received scan signal from PLC
2024-04-16 01:19:16,274 - INFO - --> ------ SCAN SIGNAL -------
2024-04-16 01:19:18,857 - INFO - --> RESULT SCAN
2024-04-16 01:19:18,858 - ERROR - FAILED
2024-04-16 01:19:18,858 - ERROR - ------FAIL SCAN-------
2024-04-16 01:19:18,859 - ERROR - Data SN: None
2024-04-16 01:19:18,859 - ERROR - Data FIXTURE: None
2024-04-16 01:19:21,011 - INFO - 
xxxxxxxxxxxxxxxxxxxxxxxxxxxxxxxx
2024-04-16 01:19:21,011 - INFO - --> Received scan signal from PLC
2024-04-16 01:19:21,012 - INFO - --> ------ SCAN SIGNAL -------
2024-04-16 01:19:23,495 - INFO - --> RESULT SCAN
2024-04-16 01:19:23,496 - ERROR - FAILED
2024-04-16 01:19:23,496 - ERROR - ------FAIL SCAN-------
2024-04-16 01:19:23,496 - ERROR - Data SN: None
2024-04-16 01:19:23,497 - ERROR - Data FIXTURE: None
2024-04-16 01:19:27,687 - ERROR - CAM ERROR
2024-04-16 01:19:27,701 - ERROR - Camera Error
2024-04-16 01:19:39,816 - INFO - 
xxxxxxxxxxxxxxxxxxxxxxxxxxxxxxxx
2024-04-16 01:19:39,816 - INFO - --> Received scan signal from PLC
2024-04-16 01:19:39,816 - INFO - --> ------ SCAN SIGNAL -------
2024-04-16 01:19:42,178 - INFO - --> RESULT SCAN
2024-04-16 01:19:42,179 - ERROR - FAILED
2024-04-16 01:19:42,179 - ERROR - ------FAIL SCAN-------
2024-04-16 01:19:42,179 - ERROR - Data SN: None
2024-04-16 01:19:42,180 - ERROR - Data FIXTURE: None
2024-04-16 01:20:21,143 - ERROR - CAM ERROR
2024-04-16 01:20:21,149 - ERROR - Camera Error
2024-04-16 01:20:29,977 - ERROR - CAM ERROR
2024-04-16 01:20:29,986 - ERROR - Camera Error
2024-04-16 01:22:11,741 - ERROR - Camera Error
2024-04-16 01:22:12,033 - ERROR - CAM ERROR
2024-04-16 01:22:23,482 - ERROR - CAM ERROR
2024-04-16 01:22:23,485 - ERROR - Camera Error
2024-04-16 01:22:47,347 - ERROR - Camera Error
2024-04-16 01:22:47,643 - ERROR - CAM ERROR
2024-04-16 01:22:58,024 - ERROR - CAM ERROR
2024-04-16 01:22:58,035 - ERROR - Camera Error
2024-04-16 01:24:16,812 - ERROR - Camera Error
2024-04-16 01:24:17,132 - ERROR - CAM ERROR
2024-04-16 01:24:24,035 - INFO - 
xxxxxxxxxxxxxxxxxxxxxxxxxxxxxxxx
2024-04-16 01:24:24,035 - INFO - --> Received scan signal from PLC
2024-04-16 01:24:24,035 - INFO - --> ------ SCAN SIGNAL -------
2024-04-16 01:24:26,815 - INFO - --> RESULT SCAN
2024-04-16 01:24:26,816 - ERROR - FAILED
2024-04-16 01:24:26,817 - ERROR - ------FAIL SCAN-------
2024-04-16 01:24:26,817 - ERROR - Data SN: None
2024-04-16 01:24:26,817 - ERROR - Data FIXTURE: None
2024-04-16 01:24:31,610 - INFO - 
xxxxxxxxxxxxxxxxxxxxxxxxxxxxxxxx
2024-04-16 01:24:31,610 - INFO - --> Received scan signal from PLC
2024-04-16 01:24:31,610 - INFO - --> ------ SCAN SIGNAL -------
2024-04-16 01:24:34,082 - INFO - --> RESULT SCAN
2024-04-16 01:24:34,083 - ERROR - FAILED
2024-04-16 01:24:34,084 - ERROR - ------FAIL SCAN-------
2024-04-16 01:24:34,084 - ERROR - Data SN: None
2024-04-16 01:24:34,084 - ERROR - Data FIXTURE: None
2024-04-16 01:25:28,596 - INFO - 
xxxxxxxxxxxxxxxxxxxxxxxxxxxxxxxx
2024-04-16 01:25:28,596 - INFO - --> Received scan signal from PLC
2024-04-16 01:25:28,596 - INFO - --> ------ SCAN SIGNAL -------
2024-04-16 01:25:30,971 - INFO - --> RESULT SCAN
2024-04-16 01:25:30,972 - ERROR - FAILED
2024-04-16 01:25:30,972 - ERROR - ------FAIL SCAN-------
2024-04-16 01:25:30,972 - ERROR - Data SN: None
2024-04-16 01:25:30,973 - ERROR - Data FIXTURE: None
2024-04-16 01:27:23,410 - INFO - 
xxxxxxxxxxxxxxxxxxxxxxxxxxxxxxxx
2024-04-16 01:27:23,410 - INFO - --> Received scan signal from PLC
2024-04-16 01:27:23,410 - INFO - --> ------ SCAN SIGNAL -------
2024-04-16 01:27:25,610 - INFO - --> RESULT SCAN
2024-04-16 01:27:25,610 - ERROR - FAILED
2024-04-16 01:27:25,610 - ERROR - ------FAIL SCAN-------
2024-04-16 01:27:25,611 - ERROR - Data SN: None
2024-04-16 01:27:25,612 - ERROR - Data FIXTURE: None
2024-04-16 01:27:27,360 - INFO - 
xxxxxxxxxxxxxxxxxxxxxxxxxxxxxxxx
2024-04-16 01:27:27,360 - INFO - --> Received scan signal from PLC
2024-04-16 01:27:27,360 - INFO - --> ------ SCAN SIGNAL -------
2024-04-16 01:27:29,947 - INFO - --> RESULT SCAN
2024-04-16 01:27:29,948 - ERROR - FAILED
2024-04-16 01:27:29,948 - ERROR - ------FAIL SCAN-------
2024-04-16 01:27:29,949 - ERROR - Data SN: None
2024-04-16 01:27:29,949 - ERROR - Data FIXTURE: None
2024-04-16 01:27:41,317 - ERROR - CAM ERROR
2024-04-16 01:27:41,320 - ERROR - Camera Error
2024-04-16 06:19:00,527 - ERROR - Camera Error
2024-04-16 06:19:00,904 - ERROR - CAM ERROR
2024-04-16 06:19:51,459 - ERROR - CAM ERROR
2024-04-16 06:19:51,462 - ERROR - Camera Error
2024-04-16 08:11:16,458 - ERROR - Camera Error
2024-04-16 08:11:16,458 - ERROR - Camera Error
2024-04-16 08:11:16,458 - ERROR - CAM ERROR
2024-04-16 08:11:16,458 - ERROR - CAM ERROR
2024-04-16 08:11:45,940 - ERROR - Camera Error
2024-04-16 08:11:45,940 - ERROR - Camera Error
2024-04-16 08:11:46,187 - ERROR - CAM ERROR
2024-04-16 08:11:46,187 - ERROR - CAM ERROR
2024-04-16 08:17:50,276 - ERROR - Camera Error
2024-04-16 08:17:50,276 - ERROR - Camera Error
2024-04-16 08:17:50,276 - ERROR - CAM ERROR
2024-04-16 08:17:50,281 - ERROR - CAM ERROR
2024-04-16 15:34:19,526 - ERROR - Camera Error
2024-04-16 15:34:19,526 - ERROR - Camera Error
2024-04-16 15:34:20,526 - ERROR - CAM ERROR
2024-04-16 15:34:20,526 - ERROR - CAM ERROR
